<?xml version="1.0" encoding="UTF-8"?>
<!-- Generated by org.testng.reporters.JUnitXMLReporter -->
<testsuite hostname="dushant-PC" ignored="0" name="Command line test" tests="6" failures="0" timestamp="2020-04-22T17:17:14 IST" time="0.104" errors="0">
  <testcase name="Appium1" time="0.009" classname="djmvnprojects.AppiumTest"/>
  <testcase name="Appium2" time="0.0" classname="djmvnprojects.AppiumTest"/>
  <testcase name="RestAPI1" time="0.0" classname="djmvnprojects.RestAPITest"/>
  <testcase name="RestAPI2" time="0.0" classname="djmvnprojects.RestAPITest"/>
  <testcase name="Selmethod1" time="0.0" classname="djmvnprojects.SeleniumTest"/>
  <testcase name="Selmethod2" time="0.0" classname="djmvnprojects.SeleniumTest"/>
</testsuite> <!-- Command line test -->
