<?xml version="1.0" encoding="UTF-8"?>
<!-- Generated by org.testng.reporters.JUnitXMLReporter -->
<testsuite ignored="0" hostname="dushant-PC" failures="0" tests="4" name="Test" time="0.066" errors="0" timestamp="2020-04-22T12:39:31 IST">
  <testcase classname="djmvnprojects.SeleniumTest" name="Selmethod1" time="0.008"/>
  <testcase classname="djmvnprojects.SeleniumTest" name="Selmethod2" time="0.0"/>
  <testcase classname="djmvnprojects.RestAPITest" name="RestAPI1" time="0.001"/>
  <testcase classname="djmvnprojects.RestAPITest" name="RestAPI2" time="0.001"/>
</testsuite> <!-- Test -->
