<?xml version="1.0" encoding="UTF-8"?>
<testng-results skipped="0" failed="0" ignored="0" total="6" passed="6">
  <reporter-output>
  </reporter-output>
  <suite name="Command line suite" duration-ms="104" started-at="2020-04-22T17:17:14 IST" finished-at="2020-04-22T17:17:14 IST">
    <groups>
    </groups>
    <test name="Command line test" duration-ms="104" started-at="2020-04-22T17:17:14 IST" finished-at="2020-04-22T17:17:14 IST">
      <class name="djmvnprojects.RestAPITest">
        <test-method status="PASS" signature="RestAPI1()[pri:0, instance:djmvnprojects.RestAPITest@185d8b6]" name="RestAPI1" duration-ms="0" started-at="2020-04-22T17:17:14 IST" finished-at="2020-04-22T17:17:14 IST">
          <reporter-output>
          </reporter-output>
        </test-method> <!-- RestAPI1 -->
        <test-method status="PASS" signature="RestAPI2()[pri:0, instance:djmvnprojects.RestAPITest@185d8b6]" name="RestAPI2" duration-ms="0" started-at="2020-04-22T17:17:14 IST" finished-at="2020-04-22T17:17:14 IST">
          <reporter-output>
          </reporter-output>
        </test-method> <!-- RestAPI2 -->
      </class> <!-- djmvnprojects.RestAPITest -->
      <class name="djmvnprojects.AppiumTest">
        <test-method status="PASS" signature="Appium1()[pri:0, instance:djmvnprojects.AppiumTest@6f1fba17]" name="Appium1" duration-ms="9" started-at="2020-04-22T17:17:14 IST" finished-at="2020-04-22T17:17:14 IST">
          <reporter-output>
          </reporter-output>
        </test-method> <!-- Appium1 -->
        <test-method status="PASS" signature="Appium2()[pri:0, instance:djmvnprojects.AppiumTest@6f1fba17]" name="Appium2" duration-ms="0" started-at="2020-04-22T17:17:14 IST" finished-at="2020-04-22T17:17:14 IST">
          <reporter-output>
          </reporter-output>
        </test-method> <!-- Appium2 -->
      </class> <!-- djmvnprojects.AppiumTest -->
      <class name="djmvnprojects.SeleniumTest">
        <test-method status="PASS" signature="Selmethod1()[pri:0, instance:djmvnprojects.SeleniumTest@67784306]" name="Selmethod1" duration-ms="0" started-at="2020-04-22T17:17:14 IST" finished-at="2020-04-22T17:17:14 IST">
          <reporter-output>
          </reporter-output>
        </test-method> <!-- Selmethod1 -->
        <test-method status="PASS" signature="Selmethod2()[pri:0, instance:djmvnprojects.SeleniumTest@67784306]" name="Selmethod2" duration-ms="0" started-at="2020-04-22T17:17:14 IST" finished-at="2020-04-22T17:17:14 IST">
          <reporter-output>
          </reporter-output>
        </test-method> <!-- Selmethod2 -->
      </class> <!-- djmvnprojects.SeleniumTest -->
    </test> <!-- Command line test -->
  </suite> <!-- Command line suite -->
</testng-results>
