<?xml version="1.0" encoding="UTF-8"?>
<testng-results skipped="0" failed="0" ignored="0" total="1" passed="1">
  <reporter-output>
  </reporter-output>
  <suite name="Default suite" duration-ms="83" started-at="2020-04-27T17:47:52 IST" finished-at="2020-04-27T17:47:52 IST">
    <groups>
    </groups>
    <test name="Default test" duration-ms="83" started-at="2020-04-27T17:47:52 IST" finished-at="2020-04-27T17:47:52 IST">
      <class name="djmvnprojects.Additional">
        <test-method status="PASS" signature="Additional1()[pri:0, instance:djmvnprojects.Additional@32d2fa64]" name="Additional1" duration-ms="15" started-at="2020-04-27T17:47:52 IST" finished-at="2020-04-27T17:47:52 IST">
          <reporter-output>
          </reporter-output>
        </test-method> <!-- Additional1 -->
      </class> <!-- djmvnprojects.Additional -->
    </test> <!-- Default test -->
  </suite> <!-- Default suite -->
</testng-results>
